<?xml version="1.0" encoding="UTF-8"?>
<testng-results ignored="0" total="1" passed="1" failed="0" skipped="0">
  <reporter-output>
  </reporter-output>
  <suite started-at="2019-07-12T01:15:11Z" name="Default suite" finished-at="2019-07-12T01:15:50Z" duration-ms="39309">
    <groups>
    </groups>
    <test started-at="2019-07-12T01:15:11Z" name="Default test" finished-at="2019-07-12T01:15:50Z" duration-ms="39309">
      <class name="webdriverManager.HowToUseWebDriverManager">
        <test-method is-config="true" signature="setUp()[pri:0, instance:webdriverManager.HowToUseWebDriverManager@117e949d]" started-at="2019-07-12T01:15:11Z" name="setUp" finished-at="2019-07-12T01:15:16Z" duration-ms="4705" status="PASS">
          <reporter-output>
          </reporter-output>
        </test-method> <!-- setUp -->
        <test-method signature="WebDriverManagerTest()[pri:0, instance:webdriverManager.HowToUseWebDriverManager@117e949d]" started-at="2019-07-12T01:15:16Z" name="WebDriverManagerTest" finished-at="2019-07-12T01:15:50Z" duration-ms="34455" status="PASS">
          <reporter-output>
          </reporter-output>
        </test-method> <!-- WebDriverManagerTest -->
        <test-method is-config="true" signature="teardown()[pri:0, instance:webdriverManager.HowToUseWebDriverManager@117e949d]" started-at="2019-07-12T01:15:50Z" name="teardown" finished-at="2019-07-12T01:15:50Z" duration-ms="129" status="PASS">
          <reporter-output>
          </reporter-output>
        </test-method> <!-- teardown -->
      </class> <!-- webdriverManager.HowToUseWebDriverManager -->
    </test> <!-- Default test -->
  </suite> <!-- Default suite -->
</testng-results>
