<?xml version="1.0" encoding="UTF-8"?>
<!-- Generated by org.testng.reporters.JUnitXMLReporter -->
<testsuite ignored="1" hostname="LAPTOP-2GMD4EUC" failures="0" tests="32" name="Command line test" time="37.228" errors="0" timestamp="05 Oct 2019 20:45:30 GMT">
  <testcase classname="excelReaderPack.ExcelDataProviderTest" name="UnderTest" time="0.008"/>
  <testcase classname="excelReaderPack.ExcelDataProviderTest" name="UnderTest" time="0.168"/>
  <testcase classname="excelReaderPack.ExcelDataProviderTest" name="UnderTest" time="0.1"/>
  <testcase classname="excelReaderPack.ExcelDataProviderTest" name="UnderTest" time="0.098"/>
  <testcase classname="excelReaderPack.ExcelDataProviderTest" name="UnderTest" time="0.103"/>
  <testcase classname="excelReaderPack.ExcelDataProviderTest" name="UnderTest" time="0.091"/>
  <testcase classname="excelReaderPack.ExcelDataProviderTest" name="UnderTest" time="0.066"/>
  <testcase classname="excelReaderPack.ExcelDataProviderTest" name="UnderTest" time="3.01"/>
  <testcase classname="excelReaderPack.ExcelDataProviderTest" name="UnderTest" time="0.152"/>
  <testcase classname="excelReaderPack.ExcelDataProviderTest" name="UnderTest" time="0.098"/>
  <testcase classname="excelReaderPack.ExcelDataProviderTest" name="UnderTest" time="0.093"/>
  <testcase classname="excelReaderPack.ExcelDataProviderTest" name="UnderTest" time="0.127"/>
  <testcase classname="excelReaderPack.ExcelDataProviderTest" name="UnderTest" time="3.008"/>
  <testcase classname="excelReaderPack.ExcelDataProviderTest" name="UnderTest" time="0.167"/>
  <testcase classname="excelReaderPack.ExcelDataProviderTest" name="UnderTest" time="0.108"/>
  <testcase classname="excelReaderPack.ExcelDataProviderTest" name="UnderTest" time="3.001"/>
  <testcase classname="testCases.HybridExceutTestCase" name="UnderTest" time="0.0"/>
  <testcase classname="testCases.HybridExceutTestCase" name="UnderTest" time="0.045"/>
  <testcase classname="testCases.HybridExceutTestCase" name="UnderTest" time="0.058"/>
  <testcase classname="testCases.HybridExceutTestCase" name="UnderTest" time="0.105"/>
  <testcase classname="testCases.HybridExceutTestCase" name="UnderTest" time="0.093"/>
  <testcase classname="testCases.HybridExceutTestCase" name="UnderTest" time="0.074"/>
  <testcase classname="testCases.HybridExceutTestCase" name="UnderTest" time="0.058"/>
  <testcase classname="testCases.HybridExceutTestCase" name="UnderTest" time="3.007"/>
  <testcase classname="testCases.HybridExceutTestCase" name="UnderTest" time="5.121"/>
  <testcase classname="testCases.HybridExceutTestCase" name="UnderTest" time="0.087"/>
  <testcase classname="testCases.HybridExceutTestCase" name="UnderTest" time="0.063"/>
  <testcase classname="testCases.HybridExceutTestCase" name="UnderTest" time="0.118"/>
  <testcase classname="testCases.HybridExceutTestCase" name="UnderTest" time="3.0"/>
  <testcase classname="testCases.HybridExceutTestCase" name="UnderTest" time="0.12"/>
  <testcase classname="testCases.HybridExceutTestCase" name="UnderTest" time="0.113"/>
  <testcase classname="testCases.HybridExceutTestCase" name="UnderTest" time="3.002"/>
  <testcase classname="operations.AbstractClass" name="@BeforeTest SetUp" time="0.0">
    <ignored/>
  </testcase> <!-- @BeforeTest SetUp -->
</testsuite> <!-- Command line test -->
