<?xml version="1.0" encoding="UTF-8"?>
<!-- Generated by org.testng.reporters.JUnitXMLReporter -->
<testsuite ignored="1" hostname="LAPTOP-2GMD4EUC" failures="0" tests="32" name="Command line test" time="47.801" errors="0" timestamp="27 Nov 2019 00:28:06 GMT">
  <testcase classname="excelReaderPack.ExcelDataProviderTest" name="UnderTest" time="0.049"/>
  <testcase classname="excelReaderPack.ExcelDataProviderTest" name="UnderTest" time="0.145"/>
  <testcase classname="excelReaderPack.ExcelDataProviderTest" name="UnderTest" time="0.073"/>
  <testcase classname="excelReaderPack.ExcelDataProviderTest" name="UnderTest" time="0.067"/>
  <testcase classname="excelReaderPack.ExcelDataProviderTest" name="UnderTest" time="0.095"/>
  <testcase classname="excelReaderPack.ExcelDataProviderTest" name="UnderTest" time="0.085"/>
  <testcase classname="excelReaderPack.ExcelDataProviderTest" name="UnderTest" time="0.066"/>
  <testcase classname="excelReaderPack.ExcelDataProviderTest" name="UnderTest" time="3.001"/>
  <testcase classname="excelReaderPack.ExcelDataProviderTest" name="UnderTest" time="0.084"/>
  <testcase classname="excelReaderPack.ExcelDataProviderTest" name="UnderTest" time="0.095"/>
  <testcase classname="excelReaderPack.ExcelDataProviderTest" name="UnderTest" time="0.102"/>
  <testcase classname="excelReaderPack.ExcelDataProviderTest" name="UnderTest" time="0.062"/>
  <testcase classname="excelReaderPack.ExcelDataProviderTest" name="UnderTest" time="3.002"/>
  <testcase classname="excelReaderPack.ExcelDataProviderTest" name="UnderTest" time="0.104"/>
  <testcase classname="excelReaderPack.ExcelDataProviderTest" name="UnderTest" time="0.094"/>
  <testcase classname="excelReaderPack.ExcelDataProviderTest" name="UnderTest" time="3.001"/>
  <testcase classname="testCases.HybridExceutTestCase" name="UnderTest" time="0.001"/>
  <testcase classname="testCases.HybridExceutTestCase" name="UnderTest" time="0.02"/>
  <testcase classname="testCases.HybridExceutTestCase" name="UnderTest" time="0.055"/>
  <testcase classname="testCases.HybridExceutTestCase" name="UnderTest" time="0.063"/>
  <testcase classname="testCases.HybridExceutTestCase" name="UnderTest" time="0.106"/>
  <testcase classname="testCases.HybridExceutTestCase" name="UnderTest" time="0.07"/>
  <testcase classname="testCases.HybridExceutTestCase" name="UnderTest" time="0.066"/>
  <testcase classname="testCases.HybridExceutTestCase" name="UnderTest" time="3.001"/>
  <testcase classname="testCases.HybridExceutTestCase" name="UnderTest" time="5.092"/>
  <testcase classname="testCases.HybridExceutTestCase" name="UnderTest" time="0.087"/>
  <testcase classname="testCases.HybridExceutTestCase" name="UnderTest" time="0.071"/>
  <testcase classname="testCases.HybridExceutTestCase" name="UnderTest" time="0.072"/>
  <testcase classname="testCases.HybridExceutTestCase" name="UnderTest" time="3.0"/>
  <testcase classname="testCases.HybridExceutTestCase" name="UnderTest" time="5.122"/>
  <testcase classname="testCases.HybridExceutTestCase" name="UnderTest" time="0.077"/>
  <testcase classname="testCases.HybridExceutTestCase" name="UnderTest" time="3.001"/>
  <testcase classname="operations.AbstractClass" name="@BeforeTest SetUp" time="0.0">
    <ignored/>
  </testcase> <!-- @BeforeTest SetUp -->
</testsuite> <!-- Command line test -->
