<?xml version="1.0" encoding="UTF-8"?>
<!-- Generated by org.testng.reporters.JUnitXMLReporter -->
<testsuite ignored="0" hostname="LAPTOP-2GMD4EUC" failures="0" tests="1" name="EdgeBrowserTest" time="2.031" errors="0" timestamp="09 Jul 2019 23:58:28 GMT">
  <testcase classname="webdriverManager.CrossBroweser" name="@BeforeTest CrossBrowserTest" time="1.968">
    <failure type="io.github.bonigarcia.wdm.WebDriverManagerException" message="java.lang.IndexOutOfBoundsException: Index -5 out of bounds for length 5">
      <![CDATA[io.github.bonigarcia.wdm.WebDriverManagerException: java.lang.IndexOutOfBoundsException: Index -5 out of bounds for length 5
at io.github.bonigarcia.wdm.WebDriverManager.handleException(WebDriverManager.java:723)
at io.github.bonigarcia.wdm.WebDriverManager.manage(WebDriverManager.java:548)
at io.github.bonigarcia.wdm.WebDriverManager.handleException(WebDriverManager.java:720)
at io.github.bonigarcia.wdm.WebDriverManager.manage(WebDriverManager.java:548)
at io.github.bonigarcia.wdm.WebDriverManager.setup(WebDriverManager.java:260)
at webdriverManager.CrossBroweser.CrossBrowserTest(CrossBroweser.java:34)
Caused by: java.lang.IndexOutOfBoundsException: Index -5 out of bounds for length 5
at java.base/jdk.internal.util.Preconditions.outOfBounds(Preconditions.java:64)
at java.base/jdk.internal.util.Preconditions.outOfBoundsCheckIndex(Preconditions.java:70)
at java.base/jdk.internal.util.Preconditions.checkIndex(Preconditions.java:248)
at java.base/java.util.Objects.checkIndex(Objects.java:372)
at java.base/java.util.ArrayList.get(ArrayList.java:458)
at io.github.bonigarcia.wdm.EdgeDriverManager.getDrivers(EdgeDriverManager.java:151)
at io.github.bonigarcia.wdm.WebDriverManager.filterCandidateUrls(WebDriverManager.java:739)
at io.github.bonigarcia.wdm.WebDriverManager.manage(WebDriverManager.java:534)
... 28 more
... Removed 24 stack frames]]>
    </failure>
  </testcase> <!-- @BeforeTest CrossBrowserTest -->
  <testcase classname="webdriverManager.CrossBroweser" name="OurWebsiteTest" time="0.0">
    <skipped/>
  </testcase> <!-- OurWebsiteTest -->
</testsuite> <!-- EdgeBrowserTest -->
