<?xml version="1.0" encoding="UTF-8"?>
<!-- Generated by org.testng.reporters.JUnitXMLReporter -->
<testsuite ignored="0" hostname="LAPTOP-2GMD4EUC" failures="0" tests="1" name="OperaBrowserTest" time="0.718" errors="0" timestamp="28 Aug 2019 21:40:34 GMT">
  <testcase classname="webdriverManager.CrossBroweser" name="@BeforeTest CrossBrowserTest" time="0.718">
    <failure type="org.openqa.selenium.SessionNotCreatedException" message="session not created: No matching capabilities found
Build info: version: &amp;apos;3.141.59&amp;apos;, revision: &amp;apos;e82be7d358&amp;apos;, time: &amp;apos;2018-11-14T08:17:03&amp;apos;
System info: host: &amp;apos;LAPTOP-2GMD4EUC&amp;apos;, ip: &amp;apos;192.168.1.139&amp;apos;, os.name: &amp;apos;Windows 10&amp;apos;, os.arch: &amp;apos;amd64&amp;apos;, os.version: &amp;apos;10.0&amp;apos;, java.version: &amp;apos;11.0.3&amp;apos;
Driver info: driver.version: OperaDriver
remote stacktrace: Backtrace:
	Ordinal0 [0x00007FF7D578CAB2+1952434]
	Ordinal0 [0x00007FF7D56C7E42+1146434]
	Ordinal0 [0x00007FF7D563F325+586533]
	Ordinal0 [0x00007FF7D55E257A+206202]
	Ordinal0 [0x00007FF7D55E2C01+207873]
	Ordinal0 [0x00007FF7D55E0ADF+199391]
	Ordinal0 [0x00007FF7D55C4902+84226]
	Ordinal0 [0x00007FF7D55C5A5E+88670]
	GetHandleVerifier [0x00007FF7D58FBA37+1351223]
	GetHandleVerifier [0x00007FF7D583F0FA+578810]
	GetHandleVerifier [0x00007FF7D583EE71+578161]
	Ordinal0 [0x00007FF7D57994FC+2004220]
	GetHandleVerifier [0x00007FF7D583F8D5+580821]
	Ordinal0 [0x00007FF7D56DD89E+1235102]
	Ordinal0 [0x00007FF7D56E9F66+1285990]
	Ordinal0 [0x00007FF7D56E8E8D+1281677]
	BaseThreadInitThunk [0x00007FF8B2094034+20]
	RtlUserThreadStart [0x00007FF8B3C13691+33]
">
      <![CDATA[org.openqa.selenium.SessionNotCreatedException: session not created: No matching capabilities found
Build info: version: '3.141.59', revision: 'e82be7d358', time: '2018-11-14T08:17:03'
System info: host: 'LAPTOP-2GMD4EUC', ip: '192.168.1.139', os.name: 'Windows 10', os.arch: 'amd64', os.version: '10.0', java.version: '11.0.3'
Driver info: driver.version: OperaDriver
remote stacktrace: Backtrace:
Ordinal0 [0x00007FF7D578CAB2+1952434]
Ordinal0 [0x00007FF7D56C7E42+1146434]
Ordinal0 [0x00007FF7D563F325+586533]
Ordinal0 [0x00007FF7D55E257A+206202]
Ordinal0 [0x00007FF7D55E2C01+207873]
Ordinal0 [0x00007FF7D55E0ADF+199391]
Ordinal0 [0x00007FF7D55C4902+84226]
Ordinal0 [0x00007FF7D55C5A5E+88670]
GetHandleVerifier [0x00007FF7D58FBA37+1351223]
GetHandleVerifier [0x00007FF7D583F0FA+578810]
GetHandleVerifier [0x00007FF7D583EE71+578161]
Ordinal0 [0x00007FF7D57994FC+2004220]
GetHandleVerifier [0x00007FF7D583F8D5+580821]
Ordinal0 [0x00007FF7D56DD89E+1235102]
Ordinal0 [0x00007FF7D56E9F66+1285990]
Ordinal0 [0x00007FF7D56E8E8D+1281677]
BaseThreadInitThunk [0x00007FF8B2094034+20]
RtlUserThreadStart [0x00007FF8B3C13691+33]

at org.openqa.selenium.remote.W3CHandshakeResponse.lambda$errorHandler$0(W3CHandshakeResponse.java:62)
at org.openqa.selenium.remote.HandshakeResponse.lambda$getResponseFunction$0(HandshakeResponse.java:30)
at org.openqa.selenium.remote.ProtocolHandshake.lambda$createSession$0(ProtocolHandshake.java:126)
at java.base/java.util.stream.ReferencePipeline$3$1.accept(ReferencePipeline.java:195)
at java.base/java.util.Spliterators$ArraySpliterator.tryAdvance(Spliterators.java:958)
at java.base/java.util.stream.ReferencePipeline.forEachWithCancel(ReferencePipeline.java:127)
at java.base/java.util.stream.AbstractPipeline.copyIntoWithCancel(AbstractPipeline.java:502)
at java.base/java.util.stream.AbstractPipeline.copyInto(AbstractPipeline.java:488)
at java.base/java.util.stream.AbstractPipeline.wrapAndCopyInto(AbstractPipeline.java:474)
at java.base/java.util.stream.FindOps$FindOp.evaluateSequential(FindOps.java:150)
at java.base/java.util.stream.AbstractPipeline.evaluate(AbstractPipeline.java:234)
at java.base/java.util.stream.ReferencePipeline.findFirst(ReferencePipeline.java:543)
at org.openqa.selenium.remote.ProtocolHandshake.createSession(ProtocolHandshake.java:128)
at org.openqa.selenium.remote.ProtocolHandshake.createSession(ProtocolHandshake.java:74)
at org.openqa.selenium.remote.HttpCommandExecutor.execute(HttpCommandExecutor.java:136)
at org.openqa.selenium.remote.service.DriverCommandExecutor.execute(DriverCommandExecutor.java:83)
at org.openqa.selenium.remote.RemoteWebDriver.execute(RemoteWebDriver.java:552)
at org.openqa.selenium.remote.RemoteWebDriver.startSession(RemoteWebDriver.java:213)
at org.openqa.selenium.remote.RemoteWebDriver.<init>(RemoteWebDriver.java:131)
at org.openqa.selenium.opera.OperaDriver.<init>(OperaDriver.java:173)
at org.openqa.selenium.opera.OperaDriver.<init>(OperaDriver.java:160)
at org.openqa.selenium.opera.OperaDriver.<init>(OperaDriver.java:115)
at webdriverManager.CrossBroweser.CrossBrowserTest(CrossBroweser.java:41)
... Removed 28 stack frames]]>
    </failure>
  </testcase> <!-- @BeforeTest CrossBrowserTest -->
  <testcase classname="webdriverManager.CrossBroweser" name="OurWebsiteTest" time="0.0">
    <skipped/>
  </testcase> <!-- OurWebsiteTest -->
</testsuite> <!-- OperaBrowserTest -->
