<?xml version="1.0" encoding="UTF-8"?>
<!-- Generated by org.testng.reporters.JUnitXMLReporter -->
<testsuite ignored="0" hostname="LAPTOP-2GMD4EUC" failures="0" tests="16" name="Command line test" time="19.254" errors="0" timestamp="04 Oct 2019 00:06:03 GMT">
  <testcase classname="excelReaderPack.ExcelDataProviderTest" name="UnderTest" time="0.002"/>
  <testcase classname="excelReaderPack.ExcelDataProviderTest" name="UnderTest" time="0.14"/>
  <testcase classname="excelReaderPack.ExcelDataProviderTest" name="UnderTest" time="0.101"/>
  <testcase classname="excelReaderPack.ExcelDataProviderTest" name="UnderTest" time="0.093"/>
  <testcase classname="excelReaderPack.ExcelDataProviderTest" name="UnderTest" time="0.109"/>
  <testcase classname="excelReaderPack.ExcelDataProviderTest" name="UnderTest" time="0.087"/>
  <testcase classname="excelReaderPack.ExcelDataProviderTest" name="UnderTest" time="0.074"/>
  <testcase classname="excelReaderPack.ExcelDataProviderTest" name="UnderTest" time="3.002"/>
  <testcase classname="excelReaderPack.ExcelDataProviderTest" name="UnderTest" time="0.053"/>
  <testcase classname="excelReaderPack.ExcelDataProviderTest" name="UnderTest" time="0.092"/>
  <testcase classname="excelReaderPack.ExcelDataProviderTest" name="UnderTest" time="0.087"/>
  <testcase classname="excelReaderPack.ExcelDataProviderTest" name="UnderTest" time="0.078"/>
  <testcase classname="excelReaderPack.ExcelDataProviderTest" name="UnderTest" time="3.0"/>
  <testcase classname="excelReaderPack.ExcelDataProviderTest" name="UnderTest" time="0.138"/>
  <testcase classname="excelReaderPack.ExcelDataProviderTest" name="UnderTest" time="0.132"/>
  <testcase classname="excelReaderPack.ExcelDataProviderTest" name="UnderTest" time="0.714"/>
</testsuite> <!-- Command line test -->
