<?xml version="1.0" encoding="UTF-8" ?>
<testsuite tests="16" failures="0" name="excelReaderPack.ExcelDataProviderTest" time="7.9" errors="0" skipped="0">
  <properties>
[...]
</properties>
  <testcase classname="excelReaderPack.ExcelDataProviderTest" name="UnderTest" time="0.003"/>
  <testcase classname="excelReaderPack.ExcelDataProviderTest" name="UnderTest" time="0.137"/>
  <testcase classname="excelReaderPack.ExcelDataProviderTest" name="UnderTest" time="0.102"/>
  <testcase classname="excelReaderPack.ExcelDataProviderTest" name="UnderTest" time="0.098"/>
  <testcase classname="excelReaderPack.ExcelDataProviderTest" name="UnderTest" time="0.107"/>
  <testcase classname="excelReaderPack.ExcelDataProviderTest" name="UnderTest" time="0.084"/>
  <testcase classname="excelReaderPack.ExcelDataProviderTest" name="UnderTest" time="0.074"/>
  <testcase classname="excelReaderPack.ExcelDataProviderTest" name="UnderTest" time="3.001"/>
  <testcase classname="excelReaderPack.ExcelDataProviderTest" name="UnderTest" time="0.054"/>
  <testcase classname="excelReaderPack.ExcelDataProviderTest" name="UnderTest" time="0.093"/>
  <testcase classname="excelReaderPack.ExcelDataProviderTest" name="UnderTest" time="0.087"/>
  <testcase classname="excelReaderPack.ExcelDataProviderTest" name="UnderTest" time="0.077"/>
  <testcase classname="excelReaderPack.ExcelDataProviderTest" name="UnderTest" time="3.002"/>
  <testcase classname="excelReaderPack.ExcelDataProviderTest" name="UnderTest" time="0.136"/>
  <testcase classname="excelReaderPack.ExcelDataProviderTest" name="UnderTest" time="0.132"/>
  <testcase classname="excelReaderPack.ExcelDataProviderTest" name="UnderTest" time="0.713"/>
</testsuite>