<?xml version="1.0" encoding="UTF-8" ?>
<testsuite tests="32" failures="0" name="TestSuite" time="30.032" errors="0" skipped="0">
  <properties>
[...]
</properties>
  <testcase classname="excelReaderPack.ExcelDataProviderTest" name="UnderTest" time="0.052"/>
  <testcase classname="excelReaderPack.ExcelDataProviderTest" name="UnderTest" time="0.142"/>
  <testcase classname="excelReaderPack.ExcelDataProviderTest" name="UnderTest" time="0.073"/>
  <testcase classname="excelReaderPack.ExcelDataProviderTest" name="UnderTest" time="0.067"/>
  <testcase classname="excelReaderPack.ExcelDataProviderTest" name="UnderTest" time="0.095"/>
  <testcase classname="excelReaderPack.ExcelDataProviderTest" name="UnderTest" time="0.086"/>
  <testcase classname="excelReaderPack.ExcelDataProviderTest" name="UnderTest" time="0.066"/>
  <testcase classname="excelReaderPack.ExcelDataProviderTest" name="UnderTest" time="3.001"/>
  <testcase classname="excelReaderPack.ExcelDataProviderTest" name="UnderTest" time="0.084"/>
  <testcase classname="excelReaderPack.ExcelDataProviderTest" name="UnderTest" time="0.096"/>
  <testcase classname="excelReaderPack.ExcelDataProviderTest" name="UnderTest" time="0.102"/>
  <testcase classname="excelReaderPack.ExcelDataProviderTest" name="UnderTest" time="0.062"/>
  <testcase classname="excelReaderPack.ExcelDataProviderTest" name="UnderTest" time="3.001"/>
  <testcase classname="excelReaderPack.ExcelDataProviderTest" name="UnderTest" time="0.103"/>
  <testcase classname="excelReaderPack.ExcelDataProviderTest" name="UnderTest" time="0.094"/>
  <testcase classname="excelReaderPack.ExcelDataProviderTest" name="UnderTest" time="3"/>
  <testcase classname="testCases.HybridExceutTestCase" name="UnderTest" time="0.001"/>
  <testcase classname="testCases.HybridExceutTestCase" name="UnderTest" time="0.021"/>
  <testcase classname="testCases.HybridExceutTestCase" name="UnderTest" time="0.056"/>
  <testcase classname="testCases.HybridExceutTestCase" name="UnderTest" time="0.063"/>
  <testcase classname="testCases.HybridExceutTestCase" name="UnderTest" time="0.106"/>
  <testcase classname="testCases.HybridExceutTestCase" name="UnderTest" time="0.071"/>
  <testcase classname="testCases.HybridExceutTestCase" name="UnderTest" time="0.066"/>
  <testcase classname="testCases.HybridExceutTestCase" name="UnderTest" time="3.001"/>
  <testcase classname="testCases.HybridExceutTestCase" name="UnderTest" time="5.094"/>
  <testcase classname="testCases.HybridExceutTestCase" name="UnderTest" time="0.087"/>
  <testcase classname="testCases.HybridExceutTestCase" name="UnderTest" time="0.07"/>
  <testcase classname="testCases.HybridExceutTestCase" name="UnderTest" time="0.073"/>
  <testcase classname="testCases.HybridExceutTestCase" name="UnderTest" time="3"/>
  <testcase classname="testCases.HybridExceutTestCase" name="UnderTest" time="5.122"/>
  <testcase classname="testCases.HybridExceutTestCase" name="UnderTest" time="0.076"/>
  <testcase classname="testCases.HybridExceutTestCase" name="UnderTest" time="3.001"/>
</testsuite>