<?xml version="1.0" encoding="UTF-8" ?>
<testsuite tests="32" failures="0" name="TestSuite" time="25.453" errors="0" skipped="0">
  <properties>
[...]
</properties>
  <testcase classname="excelReaderPack.ExcelDataProviderTest" name="UnderTest" time="0"/>
  <testcase classname="excelReaderPack.ExcelDataProviderTest" name="UnderTest" time="0.17"/>
  <testcase classname="excelReaderPack.ExcelDataProviderTest" name="UnderTest" time="0.097"/>
  <testcase classname="excelReaderPack.ExcelDataProviderTest" name="UnderTest" time="0.101"/>
  <testcase classname="excelReaderPack.ExcelDataProviderTest" name="UnderTest" time="0.101"/>
  <testcase classname="excelReaderPack.ExcelDataProviderTest" name="UnderTest" time="0.09"/>
  <testcase classname="excelReaderPack.ExcelDataProviderTest" name="UnderTest" time="0.066"/>
  <testcase classname="excelReaderPack.ExcelDataProviderTest" name="UnderTest" time="3.01"/>
  <testcase classname="excelReaderPack.ExcelDataProviderTest" name="UnderTest" time="0.152"/>
  <testcase classname="excelReaderPack.ExcelDataProviderTest" name="UnderTest" time="0.098"/>
  <testcase classname="excelReaderPack.ExcelDataProviderTest" name="UnderTest" time="0.093"/>
  <testcase classname="excelReaderPack.ExcelDataProviderTest" name="UnderTest" time="0.126"/>
  <testcase classname="excelReaderPack.ExcelDataProviderTest" name="UnderTest" time="3.008"/>
  <testcase classname="excelReaderPack.ExcelDataProviderTest" name="UnderTest" time="0.167"/>
  <testcase classname="excelReaderPack.ExcelDataProviderTest" name="UnderTest" time="0.108"/>
  <testcase classname="excelReaderPack.ExcelDataProviderTest" name="UnderTest" time="3.001"/>
  <testcase classname="testCases.HybridExceutTestCase" name="UnderTest" time="0"/>
  <testcase classname="testCases.HybridExceutTestCase" name="UnderTest" time="0.045"/>
  <testcase classname="testCases.HybridExceutTestCase" name="UnderTest" time="0.058"/>
  <testcase classname="testCases.HybridExceutTestCase" name="UnderTest" time="0.105"/>
  <testcase classname="testCases.HybridExceutTestCase" name="UnderTest" time="0.092"/>
  <testcase classname="testCases.HybridExceutTestCase" name="UnderTest" time="0.073"/>
  <testcase classname="testCases.HybridExceutTestCase" name="UnderTest" time="0.059"/>
  <testcase classname="testCases.HybridExceutTestCase" name="UnderTest" time="3.006"/>
  <testcase classname="testCases.HybridExceutTestCase" name="UnderTest" time="5.122"/>
  <testcase classname="testCases.HybridExceutTestCase" name="UnderTest" time="0.088"/>
  <testcase classname="testCases.HybridExceutTestCase" name="UnderTest" time="0.063"/>
  <testcase classname="testCases.HybridExceutTestCase" name="UnderTest" time="0.118"/>
  <testcase classname="testCases.HybridExceutTestCase" name="UnderTest" time="3"/>
  <testcase classname="testCases.HybridExceutTestCase" name="UnderTest" time="0.121"/>
  <testcase classname="testCases.HybridExceutTestCase" name="UnderTest" time="0.114"/>
  <testcase classname="testCases.HybridExceutTestCase" name="UnderTest" time="3.001"/>
</testsuite>