<?xml version="1.0" encoding="UTF-8"?>
<!-- Generated by org.testng.reporters.JUnitXMLReporter -->
<testsuite ignored="0" hostname="LAPTOP-2GMD4EUC" failures="0" tests="16" name="Command line test" time="14.401" errors="0" timestamp="11 Jul 2019 22:58:14 GMT">
  <testcase classname="testCases.HybridExceuteTestCase" name="UnderTest" time="0.019"/>
  <testcase classname="testCases.HybridExceuteTestCase" name="UnderTest" time="0.151"/>
  <testcase classname="testCases.HybridExceuteTestCase" name="UnderTest" time="0.083"/>
  <testcase classname="testCases.HybridExceuteTestCase" name="UnderTest" time="0.078"/>
  <testcase classname="testCases.HybridExceuteTestCase" name="UnderTest" time="0.103"/>
  <testcase classname="testCases.HybridExceuteTestCase" name="UnderTest" time="0.083"/>
  <testcase classname="testCases.HybridExceuteTestCase" name="UnderTest" time="0.062"/>
  <testcase classname="testCases.HybridExceuteTestCase" name="UnderTest" time="3.002"/>
  <testcase classname="testCases.HybridExceuteTestCase" name="UnderTest" time="0.099"/>
  <testcase classname="testCases.HybridExceuteTestCase" name="UnderTest" time="0.091"/>
  <testcase classname="testCases.HybridExceuteTestCase" name="UnderTest" time="0.074"/>
  <testcase classname="testCases.HybridExceuteTestCase" name="UnderTest" time="0.06"/>
  <testcase classname="testCases.HybridExceuteTestCase" name="UnderTest" time="3.016"/>
  <testcase classname="testCases.HybridExceuteTestCase" name="UnderTest" time="0.082"/>
  <testcase classname="testCases.HybridExceuteTestCase" name="UnderTest" time="0.086"/>
  <testcase classname="testCases.HybridExceuteTestCase" name="UnderTest" time="0.596"/>
</testsuite> <!-- Command line test -->
